2023-12-13 16:22:08,138 - RSI Actual: 42.01131102559489, Precio Actual: 0.008918
2023-12-13 16:22:50,022 - RSI Actual: 45.448478373627545, Precio Actual: 0.00896
2023-12-13 16:23:50,850 - RSI Actual: 46.29811655591802, Precio Actual: 0.008978
2023-12-13 16:25:19,145 - RSI Actual: 48.5856602818036, Precio Actual: 0.009015
2023-12-13 16:25:41,280 - RSI Actual: 49.97963110895904, Precio Actual: 0.009038
2023-12-13 16:25:43,010 - Orden de compra ejecutada: {'symbol': 'FUNUSDT', 'orderId': 233640891, 'orderListId': -1, 'clientOrderId': 'UQvQB2clfnRYKdJRTdXBaS', 'transactTime': 1702495542949, 'price': '0.00000000', 'origQty': '1106.00000000', 'executedQty': '1106.00000000', 'cummulativeQuoteQty': '9.99492200', 'status': 'FILLED', 'timeInForce': 'GTC', 'type': 'MARKET', 'side': 'BUY', 'workingTime': 1702495542949, 'fills': [{'price': '0.00903700', 'qty': '1106.00000000', 'commission': '1.10600000', 'commissionAsset': 'FUN', 'tradeId': 24497806}], 'selfTradePreventionMode': 'EXPIRE_MAKER'}
2023-12-13 16:25:43,010 - Comprado FUNUSDT a 0.009038 USD
2023-12-13 16:26:43,724 - RSI Actual: 50.87921038109401, Precio Actual: 0.00905
2023-12-13 16:27:44,480 - RSI Actual: 43.869829020720516, Precio Actual: 0.008954
2023-12-13 16:28:45,368 - RSI Actual: 41.45820531889264, Precio Actual: 0.008898
2023-12-13 16:29:46,102 - RSI Actual: 44.992271351161165, Precio Actual: 0.008947
2023-12-13 16:30:46,830 - RSI Actual: 42.375021942934296, Precio Actual: 0.008908
2023-12-13 16:31:47,543 - RSI Actual: 38.99090783859876, Precio Actual: 0.008832
2023-12-13 16:32:49,066 - RSI Actual: 39.046322828923046, Precio Actual: 0.008844
2023-12-13 16:33:49,932 - RSI Actual: 36.21569402989041, Precio Actual: 0.008779
2023-12-13 16:34:50,759 - RSI Actual: 40.39480948179068, Precio Actual: 0.00884
2023-12-13 16:35:51,587 - RSI Actual: 45.166349560058066, Precio Actual: 0.008908
2023-12-13 16:36:52,322 - RSI Actual: 41.07483622734547, Precio Actual: 0.008824
2023-12-13 16:37:53,054 - RSI Actual: 39.746617504180705, Precio Actual: 0.0088
2023-12-13 16:38:53,773 - RSI Actual: 40.33078109942954, Precio Actual: 0.0088
2023-12-13 16:39:54,502 - RSI Actual: 43.63326451590021, Precio Actual: 0.008856
2023-12-13 16:40:55,764 - RSI Actual: 46.31792917783662, Precio Actual: 0.008884
2023-12-13 16:41:56,493 - RSI Actual: 44.14603533003431, Precio Actual: 0.008848
2023-12-13 16:42:57,766 - RSI Actual: 42.49336984954418, Precio Actual: 0.008836
2023-12-13 16:43:59,314 - RSI Actual: 42.28029804404558, Precio Actual: 0.008829
2023-12-13 16:45:00,304 - RSI Actual: 41.08132208642093, Precio Actual: 0.008804
2023-12-13 16:46:01,830 - RSI Actual: 53.37554538056146, Precio Actual: 0.008944
2023-12-13 16:47:02,555 - RSI Actual: 54.08719666426893, Precio Actual: 0.008965
2023-12-13 16:48:04,621 - RSI Actual: 45.30931107300047, Precio Actual: 0.008834
2023-12-13 16:49:05,613 - RSI Actual: 47.12466371233426, Precio Actual: 0.008864
2023-12-13 16:50:06,604 - RSI Actual: 49.60431585601784, Precio Actual: 0.0089
2023-12-13 16:51:07,321 - RSI Actual: 44.98765362400016, Precio Actual: 0.008834
2023-12-13 16:52:08,958 - RSI Actual: 44.25753984777369, Precio Actual: 0.008838
2023-12-13 16:53:09,722 - RSI Actual: 43.956290112345485, Precio Actual: 0.008821
2023-12-13 16:54:10,521 - RSI Actual: 49.72023486720137, Precio Actual: 0.0089
2023-12-13 16:55:11,282 - RSI Actual: 48.55168854398014, Precio Actual: 0.00888
2023-12-13 16:56:12,058 - RSI Actual: 44.064459665449746, Precio Actual: 0.00882
2023-12-13 16:57:13,399 - RSI Actual: 44.437319823529045, Precio Actual: 0.008825
2023-12-13 16:58:14,184 - RSI Actual: 41.60067887715445, Precio Actual: 0.008794
2023-12-13 16:59:15,058 - RSI Actual: 41.4562134994666, Precio Actual: 0.008793
2023-12-13 17:00:16,047 - RSI Actual: 47.072496151082774, Precio Actual: 0.008841
2023-12-13 17:01:16,783 - RSI Actual: 42.64016913969477, Precio Actual: 0.00879
2023-12-13 17:02:17,791 - RSI Actual: 44.758682445521345, Precio Actual: 0.00881
2023-12-13 17:03:18,510 - RSI Actual: 47.447587899257655, Precio Actual: 0.008835
2023-12-13 17:04:19,298 - RSI Actual: 51.496906362826245, Precio Actual: 0.008875
2023-12-13 17:05:20,852 - RSI Actual: 45.403332297452394, Precio Actual: 0.008814
2023-12-13 17:06:21,616 - RSI Actual: 48.189084735487384, Precio Actual: 0.008839
2023-12-13 17:07:22,336 - RSI Actual: 48.57291762004019, Precio Actual: 0.008843
2023-12-13 17:08:23,060 - RSI Actual: 57.046962736102614, Precio Actual: 0.008924
2023-12-13 17:09:23,789 - RSI Actual: 65.41971024893442, Precio Actual: 0.009072
2023-12-13 17:10:25,403 - RSI Actual: 71.11320327193243, Precio Actual: 0.00917
2023-12-13 17:10:26,138 - Error al realizar la venta: APIError(code=-1013): Filter failure: LOT_SIZE
2023-12-13 17:11:26,846 - RSI Actual: 64.32722163421633, Precio Actual: 0.0091
2023-12-13 17:11:28,080 - Error al realizar la venta: APIError(code=-1013): Filter failure: LOT_SIZE
2023-12-13 17:12:28,808 - RSI Actual: 61.61361419413415, Precio Actual: 0.009076
2023-12-13 17:13:29,538 - RSI Actual: 59.134761867148455, Precio Actual: 0.009049
2023-12-13 17:14:31,175 - RSI Actual: 54.550056993910424, Precio Actual: 0.008992
2023-12-13 17:15:32,158 - RSI Actual: 55.708270728441846, Precio Actual: 0.009014
2023-12-13 17:16:33,673 - RSI Actual: 48.466894173500854, Precio Actual: 0.008927
2023-12-13 17:17:34,397 - RSI Actual: 55.80477164364497, Precio Actual: 0.00902
2023-12-13 17:18:35,924 - RSI Actual: 53.25493012837072, Precio Actual: 0.008992
2023-12-13 17:19:37,449 - RSI Actual: 51.177858364203445, Precio Actual: 0.009022
2023-12-13 17:20:38,500 - RSI Actual: 52.2528041825527, Precio Actual: 0.008987
2023-12-13 17:21:39,207 - RSI Actual: 57.532022188444095, Precio Actual: 0.009051
2023-12-13 17:22:50,248 - Orden de venta ejecutada: {'symbol': 'FUNUSDT', 'orderId': 233721514, 'orderListId': -1, 'clientOrderId': 'nWXZmfzj88pbNp6vcASeUF', 'transactTime': 1702498970081, 'price': '0.00000000', 'origQty': '1104.00000000', 'executedQty': '1104.00000000', 'cummulativeQuoteQty': '9.98236800', 'status': 'FILLED', 'timeInForce': 'GTC', 'type': 'MARKET', 'side': 'SELL', 'workingTime': 1702498970081, 'fills': [{'price': '0.00904200', 'qty': '1104.00000000', 'commission': '0.00998237', 'commissionAsset': 'USDT', 'tradeId': 24511171}], 'selfTradePreventionMode': 'EXPIRE_MAKER'}
2023-12-13 17:25:22,678 - RSI Actual: 52.97664798499477, Precio Actual: 0.009016
2023-12-13 17:26:23,402 - RSI Actual: 54.76074501930251, Precio Actual: 0.009035
2023-12-13 17:27:24,194 - RSI Actual: 56.5430358744604, Precio Actual: 0.009053
2023-12-13 17:28:25,159 - RSI Actual: 60.58870009011162, Precio Actual: 0.009107
2023-12-13 17:29:25,901 - RSI Actual: 58.1567669794779, Precio Actual: 0.0091
2023-12-13 17:30:26,617 - RSI Actual: 55.61323437536745, Precio Actual: 0.009074
2023-12-13 17:31:27,709 - RSI Actual: 58.092835295920274, Precio Actual: 0.00912
2023-12-13 17:31:51,264 - RSI Actual: 57.90343957547268, Precio Actual: 0.009118
2023-12-13 17:32:52,914 - RSI Actual: 56.91850627543447, Precio Actual: 0.009088
2023-12-13 17:33:53,738 - RSI Actual: 52.29528364234547, Precio Actual: 0.00906
2023-12-13 17:34:54,505 - RSI Actual: 47.25551817441435, Precio Actual: 0.009
2023-12-13 17:35:55,485 - RSI Actual: 43.527998389937025, Precio Actual: 0.008924
2023-12-13 17:36:56,211 - RSI Actual: 40.99663507726669, Precio Actual: 0.008931
2023-12-13 17:37:56,930 - RSI Actual: 40.66080136332838, Precio Actual: 0.008916
2023-12-13 17:38:57,777 - RSI Actual: 39.90024120965817, Precio Actual: 0.008894
2023-12-13 17:39:58,606 - RSI Actual: 43.965408122896626, Precio Actual: 0.008932
2023-12-13 17:40:59,323 - RSI Actual: 43.42620812355749, Precio Actual: 0.008926
2023-12-13 17:42:00,043 - RSI Actual: 48.79331487549883, Precio Actual: 0.008976
2023-12-13 17:43:00,882 - RSI Actual: 45.49486215424487, Precio Actual: 0.00894
